2026-01-14 15:37:18.679 [INFO] M4_Activity7.BankAccountClass - Deposit Requested : ₱ 5000.0
2026-01-14 15:37:18.682 [INFO] M4_Activity7.BankAccountClass - Test 'Deposit' completed successfully.
2026-01-14 15:37:18.683 [INFO] M4_Activity7.BankAccountClass - Withdraw requested : ₱3000.0 
2026-01-14 15:37:18.683 [INFO] M4_Activity7.BankAccountClass - Withdrawal Completed: ₱7000.0
2026-01-14 15:37:18.683 [INFO] M4_Activity7.BankAccountClass - Test 'Withdrawal' completed successfully.
2026-01-14 15:37:18.684 [INFO] M4_Activity7.BankAccountClass - Deposit Requested : ₱ -500.0
2026-01-14 15:37:18.685 [ERROR] M4_Activity7.BankAccountClass - ERROR : Cannot deposit negative value : ₱-500.0
2026-01-14 15:37:18.685 [ERROR] M4_Activity7.BankAccountClass - Test 'Deposit' failed due to invalid amount.
M4_Activity7.InvalidAmountException: ERROR : Invalid ammount entered
	at M4_Activity7.BankAccountClass.deposit(BankAccountClass.java:35)
	at M4_Activity7.Main.lambda$2(Main.java:9)
	at M4_Activity7.BankAccountClass.runTest(BankAccountClass.java:48)
	at M4_Activity7.Main.main(Main.java:9)
2026-01-14 15:37:18.704 [INFO] M4_Activity7.BankAccountClass - Withdraw requested : ₱20000.0 
2026-01-14 15:37:18.705 [WARN] M4_Activity7.BankAccountClass - WARNING : Insufficient funds, amount entered : ₱20000.0 ; current balance is : Balance 7000.0
2026-01-14 15:37:18.705 [ERROR] M4_Activity7.BankAccountClass - Test 'Withdrawal' failed due to insufficient funds.
M4_Activity7.InsufficientFundsException: ERROR : Insufficient amount requested
	at M4_Activity7.BankAccountClass.withdraw(BankAccountClass.java:22)
	at M4_Activity7.Main.lambda$3(Main.java:10)
	at M4_Activity7.BankAccountClass.runTest(BankAccountClass.java:48)
	at M4_Activity7.Main.main(Main.java:10)
2026-01-14 15:37:18.705 [INFO] M4_Activity7.BankAccountClass - Deposit Requested : ₱ 60000.0
2026-01-14 15:37:18.705 [WARN] M4_Activity7.BankAccountClass - Large deposit: ₱60000.0 - requires verification
2026-01-14 15:37:18.705 [INFO] M4_Activity7.BankAccountClass - Deposit Completed : ₱60000.0, New balance : ₱67000.0
2026-01-14 15:37:18.707 [INFO] M4_Activity7.BankAccountClass - Test 'Deposit' completed successfully.
2026-01-14 15:37:30.374 [INFO] M4_Activity7.BankAccountClass - Deposit Requested : ₱ 5000.0
2026-01-14 15:37:30.376 [INFO] M4_Activity7.BankAccountClass - Test 'Deposit' completed successfully.
2026-01-14 15:37:30.377 [INFO] M4_Activity7.BankAccountClass - Withdraw requested : ₱3000.0 
2026-01-14 15:37:30.378 [INFO] M4_Activity7.BankAccountClass - Withdrawal Completed: ₱7000.0
2026-01-14 15:37:30.378 [INFO] M4_Activity7.BankAccountClass - Test 'Withdrawal' completed successfully.
2026-01-14 15:37:30.378 [INFO] M4_Activity7.BankAccountClass - Deposit Requested : ₱ -500.0
2026-01-14 15:37:30.379 [ERROR] M4_Activity7.BankAccountClass - ERROR : Cannot deposit negative value : ₱-500.0
2026-01-14 15:37:30.379 [ERROR] M4_Activity7.BankAccountClass - Test 'Deposit' failed due to invalid amount.
M4_Activity7.InvalidAmountException: ERROR : Invalid ammount entered
	at M4_Activity7.BankAccountClass.deposit(BankAccountClass.java:35)
	at M4_Activity7.Main.lambda$2(Main.java:9)
	at M4_Activity7.BankAccountClass.runTest(BankAccountClass.java:48)
	at M4_Activity7.Main.main(Main.java:9)
2026-01-14 15:37:30.383 [INFO] M4_Activity7.BankAccountClass - Withdraw requested : ₱20000.0 
2026-01-14 15:37:30.383 [WARN] M4_Activity7.BankAccountClass - WARNING : Insufficient funds, amount entered : ₱20000.0 ; current balance is : Balance 7000.0
2026-01-14 15:37:30.383 [ERROR] M4_Activity7.BankAccountClass - Test 'Withdrawal' failed due to insufficient funds.
M4_Activity7.InsufficientFundsException: ERROR : Insufficient amount requested
	at M4_Activity7.BankAccountClass.withdraw(BankAccountClass.java:22)
	at M4_Activity7.Main.lambda$3(Main.java:10)
	at M4_Activity7.BankAccountClass.runTest(BankAccountClass.java:48)
	at M4_Activity7.Main.main(Main.java:10)
2026-01-14 15:37:30.383 [INFO] M4_Activity7.BankAccountClass - Deposit Requested : ₱ 60000.0
2026-01-14 15:37:30.384 [WARN] M4_Activity7.BankAccountClass - Large deposit: ₱60000.0 - requires verification
2026-01-14 15:37:30.384 [INFO] M4_Activity7.BankAccountClass - Deposit Completed : ₱60000.0, New balance : ₱67000.0
2026-01-14 15:37:30.384 [INFO] M4_Activity7.BankAccountClass - Test 'Deposit' completed successfully.
2026-01-14 15:48:09.534 [INFO] M4_Activity8.BankAccountClass - Deposit Requested : ₱ 5000.0
2026-01-14 15:48:09.537 [INFO] M4_Activity8.BankAccountClass - Test 'Deposit' completed successfully.
2026-01-14 15:48:09.537 [INFO] M4_Activity8.BankAccountClass - Withdraw requested : ₱3000.0 
2026-01-14 15:48:09.538 [INFO] M4_Activity8.BankAccountClass - Withdrawal Completed: ₱7000.0
2026-01-14 15:48:09.538 [INFO] M4_Activity8.BankAccountClass - Test 'Withdrawal' completed successfully.
2026-01-14 15:48:09.538 [INFO] M4_Activity8.BankAccountClass - Deposit Requested : ₱ -500.0
2026-01-14 15:48:09.538 [ERROR] M4_Activity8.BankAccountClass - ERROR : Cannot deposit negative value : ₱-500.0
2026-01-14 15:48:09.538 [ERROR] M4_Activity8.BankAccountClass - Test 'Deposit' failed due to invalid amount.
M4_Activity8.InvalidAmountException: ERROR : Invalid ammount entered
	at M4_Activity8.BankAccountClass.deposit(BankAccountClass.java:35)
	at M4_Activity8.Main.lambda$2(Main.java:9)
	at M4_Activity8.BankAccountClass.runTest(BankAccountClass.java:48)
	at M4_Activity8.Main.main(Main.java:9)
2026-01-14 15:48:09.541 [INFO] M4_Activity8.BankAccountClass - Withdraw requested : ₱20000.0 
2026-01-14 15:48:09.541 [WARN] M4_Activity8.BankAccountClass - WARNING : Insufficient funds, amount entered : ₱20000.0 ; current balance is : Balance 7000.0
2026-01-14 15:48:09.541 [ERROR] M4_Activity8.BankAccountClass - Test 'Withdrawal' failed due to insufficient funds.
M4_Activity8.InsufficientFundsException: ERROR : Insufficient amount requested
	at M4_Activity8.BankAccountClass.withdraw(BankAccountClass.java:22)
	at M4_Activity8.Main.lambda$3(Main.java:10)
	at M4_Activity8.BankAccountClass.runTest(BankAccountClass.java:48)
	at M4_Activity8.Main.main(Main.java:10)
2026-01-14 15:48:09.542 [INFO] M4_Activity8.BankAccountClass - Deposit Requested : ₱ 60000.0
2026-01-14 15:48:09.542 [WARN] M4_Activity8.BankAccountClass - Large deposit: ₱60000.0 - requires verification
2026-01-14 15:48:09.542 [INFO] M4_Activity8.BankAccountClass - Deposit Completed : ₱60000.0, New balance : ₱67000.0
2026-01-14 15:48:09.542 [INFO] M4_Activity8.BankAccountClass - Test 'Deposit' completed successfully.
2026-01-14 15:49:28.610 [INFO] M4_Activity8.BankAccountClass - Deposit Requested : ₱ 5000.0
2026-01-14 15:49:28.612 [INFO] M4_Activity8.BankAccountClass - Test 'Deposit' completed successfully.
2026-01-14 15:49:28.613 [INFO] M4_Activity8.BankAccountClass - Withdraw requested : ₱3000.0 
2026-01-14 15:49:28.613 [INFO] M4_Activity8.BankAccountClass - Withdrawal Completed: ₱7000.0
2026-01-14 15:49:28.613 [INFO] M4_Activity8.BankAccountClass - Test 'Withdrawal' completed successfully.
2026-01-14 15:49:28.613 [INFO] M4_Activity8.BankAccountClass - Deposit Requested : ₱ -500.0
2026-01-14 15:49:28.613 [ERROR] M4_Activity8.BankAccountClass - ERROR : Cannot deposit negative value : ₱-500.0
2026-01-14 15:49:28.613 [ERROR] M4_Activity8.BankAccountClass - Test 'Deposit' failed due to invalid amount.
M4_Activity8.InvalidAmountException: ERROR : Invalid ammount entered
	at M4_Activity8.BankAccountClass.deposit(BankAccountClass.java:35)
	at M4_Activity8.Main.lambda$2(Main.java:9)
	at M4_Activity8.BankAccountClass.runTest(BankAccountClass.java:48)
	at M4_Activity8.Main.main(Main.java:9)
2026-01-14 15:49:28.616 [INFO] M4_Activity8.BankAccountClass - Withdraw requested : ₱20000.0 
2026-01-14 15:49:28.616 [WARN] M4_Activity8.BankAccountClass - WARNING : Insufficient funds, amount entered : ₱20000.0 ; current balance is : Balance 7000.0
2026-01-14 15:49:28.616 [ERROR] M4_Activity8.BankAccountClass - Test 'Withdrawal' failed due to insufficient funds.
M4_Activity8.InsufficientFundsException: ERROR : Insufficient amount requested
	at M4_Activity8.BankAccountClass.withdraw(BankAccountClass.java:22)
	at M4_Activity8.Main.lambda$3(Main.java:10)
	at M4_Activity8.BankAccountClass.runTest(BankAccountClass.java:48)
	at M4_Activity8.Main.main(Main.java:10)
2026-01-14 15:49:28.617 [INFO] M4_Activity8.BankAccountClass - Deposit Requested : ₱ 60000.0
2026-01-14 15:49:28.617 [WARN] M4_Activity8.BankAccountClass - Large deposit: ₱60000.0 - requires verification
2026-01-14 15:49:28.617 [INFO] M4_Activity8.BankAccountClass - Deposit Completed : ₱60000.0, New balance : ₱67000.0
2026-01-14 15:49:28.617 [INFO] M4_Activity8.BankAccountClass - Test 'Deposit' completed successfully.
